<?xml version="1.0" encoding="UTF-8"?>
<!-- Generated by org.testng.reporters.JUnitXMLReporter -->
<testsuite hostname="IBM286-PBD1Z5V" ignored="3" name="HeiPort_Login_GDA" tests="2" failures="0" timestamp="30 Nov 2018 19:54:53 GMT" time="14.765" errors="0">
  <testcase name="openBrowser" time="4.538" classname="com.mendix.test.LoginScript"/>
  <testcase name="loginAsGDA" time="10.225" classname="com.mendix.test.LoginScript"/>
  <testcase name="tasKill" time="0.0" classname="com.mendix.test.LoginScript">
    <ignored/>
  </testcase> <!-- tasKill -->
  <testcase name="loginAsLDR" time="0.0" classname="com.mendix.test.LoginScript">
    <ignored/>
  </testcase> <!-- loginAsLDR -->
  <testcase name="loginAsGBDA" time="0.0" classname="com.mendix.test.LoginScript">
    <ignored/>
  </testcase> <!-- loginAsGBDA -->
</testsuite> <!-- HeiPort_Login_GDA -->
