<?xml version="1.0" encoding="UTF-8"?>
<!-- Generated by org.testng.reporters.JUnitXMLReporter -->
<testsuite hostname="IBM286-PBD1Z5V" ignored="4" name="HeiPort_Login_GDA" tests="2" failures="0" timestamp="05 Dec 2018 22:54:36 GMT" time="7.685" errors="0">
  <testcase name="openBrowser" time="2.669" classname="com.mendix.test.LoginScript"/>
  <testcase name="loginAsGDA" time="5.011" classname="com.mendix.test.LoginScript"/>
  <testcase name="tasKill" time="0.0" classname="com.mendix.test.LoginScript">
    <ignored/>
  </testcase> <!-- tasKill -->
  <testcase name="loginAsLDR" time="0.0" classname="com.mendix.test.LoginScript">
    <ignored/>
  </testcase> <!-- loginAsLDR -->
  <testcase name="loginAsLDS" time="0.0" classname="com.mendix.test.LoginScript">
    <ignored/>
  </testcase> <!-- loginAsLDS -->
  <testcase name="loginAsGBDA" time="0.0" classname="com.mendix.test.LoginScript">
    <ignored/>
  </testcase> <!-- loginAsGBDA -->
</testsuite> <!-- HeiPort_Login_GDA -->
