<?xml version="1.0" encoding="UTF-8"?>
<!-- Generated by org.testng.reporters.JUnitXMLReporter -->
<testsuite hostname="IBM286-PBD1Z5V" ignored="2" name="HeiPort_Login_LDR" tests="3" failures="0" timestamp="30 Nov 2018 19:52:16 GMT" time="18.569" errors="0">
  <testcase name="tasKill" time="0.033" classname="com.mendix.test.LoginScript"/>
  <testcase name="openBrowser" time="4.934" classname="com.mendix.test.LoginScript"/>
  <testcase name="loginAsLDR" time="13.585" classname="com.mendix.test.LoginScript"/>
  <testcase name="loginAsGDA" time="0.0" classname="com.mendix.test.LoginScript">
    <ignored/>
  </testcase> <!-- loginAsGDA -->
  <testcase name="loginAsGBDA" time="0.0" classname="com.mendix.test.LoginScript">
    <ignored/>
  </testcase> <!-- loginAsGBDA -->
</testsuite> <!-- HeiPort_Login_LDR -->
