<?xml version="1.0" encoding="UTF-8"?>
<!-- Generated by org.testng.reporters.JUnitXMLReporter -->
<testsuite hostname="IBM286-PBD1Z5V" ignored="3" name="HeiPort_Login_LDR" tests="3" failures="0" timestamp="05 Dec 2018 22:52:17 GMT" time="8.932" errors="0">
  <testcase name="tasKill" time="0.031" classname="com.mendix.test.LoginScript"/>
  <testcase name="openBrowser" time="3.597" classname="com.mendix.test.LoginScript"/>
  <testcase name="loginAsLDR" time="5.286" classname="com.mendix.test.LoginScript"/>
  <testcase name="loginAsGDA" time="0.0" classname="com.mendix.test.LoginScript">
    <ignored/>
  </testcase> <!-- loginAsGDA -->
  <testcase name="loginAsLDS" time="0.0" classname="com.mendix.test.LoginScript">
    <ignored/>
  </testcase> <!-- loginAsLDS -->
  <testcase name="loginAsGBDA" time="0.0" classname="com.mendix.test.LoginScript">
    <ignored/>
  </testcase> <!-- loginAsGBDA -->
</testsuite> <!-- HeiPort_Login_LDR -->
