<?xml version="1.0" encoding="UTF-8"?>
<!-- Generated by org.testng.reporters.JUnitXMLReporter -->
<testsuite hostname="IBM286-PBD1Z5V" ignored="7" name="Process_Information_Check" tests="1" failures="1" timestamp="01 Dec 2018 00:13:22 GMT" time="0.05" errors="0">
  <testcase name="Process_Information_Check" time="0.002" classname="com.mendix.test.MaterialScript">
    <failure type="java.lang.NullPointerException">
      <![CDATA[java.lang.NullPointerException
at java.util.Objects.requireNonNull(Unknown Source)
at org.openqa.selenium.support.ui.FluentWait.<init>(FluentWait.java:115)
at org.openqa.selenium.support.ui.FluentWait.<init>(FluentWait.java:106)
at org.openqa.selenium.support.ui.FluentWait.<init>(FluentWait.java:96)
at com.mendix.tool.Sync.waitForObjectFluent(Sync.java:87)
at com.mendix.page.ProceesInfoPage.processInfoSearch(ProceesInfoPage.java:115)
at com.mendix.test.MaterialScript.Process_Information_Check(MaterialScript.java:58)
... Removed 25 stack frames]]>
    </failure>
  </testcase> <!-- Process_Information_Check -->
  <testcase name="Material_Create_Review_Global_Data_Approve_GBDA" time="0.0" classname="com.mendix.test.MaterialScript">
    <ignored/>
  </testcase> <!-- Material_Create_Review_Global_Data_Approve_GBDA -->
  <testcase name="Material_Create_Fill_In_Data_Save_as_draft" time="0.0" classname="com.mendix.test.MaterialScript">
    <ignored/>
  </testcase> <!-- Material_Create_Fill_In_Data_Save_as_draft -->
  <testcase name="Material_Create_Syndication_Check" time="0.0" classname="com.mendix.test.MaterialScript">
    <ignored/>
  </testcase> <!-- Material_Create_Syndication_Check -->
  <testcase name="Material_Create_Fill_In_Data" time="0.0" classname="com.mendix.test.MaterialScript">
    <ignored/>
  </testcase> <!-- Material_Create_Fill_In_Data -->
  <testcase name="Material_Create_Fill_In_Questionnaire" time="0.0" classname="com.mendix.test.MaterialScript">
    <ignored/>
  </testcase> <!-- Material_Create_Fill_In_Questionnaire -->
  <testcase name="Material_Create_Fill_in_Data_Save_as_Draft_Submit" time="0.0" classname="com.mendix.test.MaterialScript">
    <ignored/>
  </testcase> <!-- Material_Create_Fill_in_Data_Save_as_Draft_Submit -->
  <testcase name="Material_Create_Review_Global_Data_Approve_GDA" time="0.0" classname="com.mendix.test.MaterialScript">
    <ignored/>
  </testcase> <!-- Material_Create_Review_Global_Data_Approve_GDA -->
</testsuite> <!-- Process_Information_Check -->
