<?xml version="1.0" encoding="UTF-8"?>
<testng-results skipped="0" failed="0" ignored="10" total="14" passed="4">
  <reporter-output>
  </reporter-output>
  <suite name="Create Material with JDE" duration-ms="122626" started-at="2018-12-01T00:35:46Z" finished-at="2018-12-01T00:37:49Z">
    <groups>
    </groups>
    <test name="HeiPort_Login_LDR" duration-ms="9661" started-at="2018-12-01T00:35:46Z" finished-at="2018-12-01T00:35:56Z">
      <class name="com.mendix.test.LoginScript">
        <test-method status="PASS" signature="tasKill()[pri:0, instance:com.mendix.test.LoginScript@397fbdb]" name="tasKill" duration-ms="94" started-at="2018-12-01T00:35:46Z" finished-at="2018-12-01T00:35:47Z">
          <reporter-output>
          </reporter-output>
        </test-method> <!-- tasKill -->
        <test-method status="PASS" signature="openBrowser()[pri:0, instance:com.mendix.test.LoginScript@397fbdb]" name="openBrowser" duration-ms="3934" started-at="2018-12-01T00:35:47Z" finished-at="2018-12-01T00:35:50Z">
          <reporter-output>
          </reporter-output>
        </test-method> <!-- openBrowser -->
        <test-method status="PASS" signature="loginAsLDR()[pri:0, instance:com.mendix.test.LoginScript@397fbdb]" name="loginAsLDR" duration-ms="5614" started-at="2018-12-01T00:35:50Z" finished-at="2018-12-01T00:35:56Z">
          <reporter-output>
          </reporter-output>
        </test-method> <!-- loginAsLDR -->
      </class> <!-- com.mendix.test.LoginScript -->
    </test> <!-- HeiPort_Login_LDR -->
    <test name="Material_Create_Fill in questionnaire" duration-ms="112931" started-at="2018-12-01T00:35:56Z" finished-at="2018-12-01T00:37:49Z">
      <class name="com.mendix.test.MaterialScript">
        <test-method status="PASS" signature="Material_Create_Fill_In_Questionnaire()[pri:0, instance:com.mendix.test.MaterialScript@1165b38]" name="Material_Create_Fill_In_Questionnaire" duration-ms="112929" started-at="2018-12-01T00:35:56Z" finished-at="2018-12-01T00:37:49Z">
          <reporter-output>
          </reporter-output>
        </test-method> <!-- Material_Create_Fill_In_Questionnaire -->
      </class> <!-- com.mendix.test.MaterialScript -->
    </test> <!-- Material_Create_Fill in questionnaire -->
    <test name="Material_Create_Fill_In_Data_Local_JDE" duration-ms="1" started-at="2018-12-01T00:37:49Z" finished-at="2018-12-01T00:37:49Z">
      <class name="com.mendix.test.LoginScript">
        <test-method status="PASS" signature="setup(org.testng.ITestContext)[pri:0, instance:com.mendix.test.LoginScript@397fbdb]" name="setup" is-config="true" duration-ms="94" started-at="2018-12-01T00:35:46Z" finished-at="2018-12-01T00:35:46Z">
          <params>
            <param index="0">
              <value>
                <![CDATA[org.testng.TestRunner@48c4245d]]>
              </value>
            </param>
          </params>
          <reporter-output>
          </reporter-output>
        </test-method> <!-- setup -->
      </class> <!-- com.mendix.test.LoginScript -->
    </test> <!-- Material_Create_Fill_In_Data_Local_JDE -->
  </suite> <!-- Create Material with JDE -->
</testng-results>
