<?xml version="1.0" encoding="UTF-8"?>
<testng-results skipped="0" failed="5" ignored="50" total="63" passed="8">
  <reporter-output>
  </reporter-output>
  <suite name="Create Material" duration-ms="215143" started-at="2018-11-30T16:29:19Z" finished-at="2018-11-30T16:32:55Z">
    <groups>
    </groups>
    <test name="HeiPort_Login_LDR" duration-ms="13484" started-at="2018-11-30T16:29:19Z" finished-at="2018-11-30T16:29:33Z">
      <class name="com.mendix.test.LoginScript">
        <test-method status="PASS" signature="tasKill()[pri:0, instance:com.mendix.test.LoginScript@59e5ddf]" name="tasKill" duration-ms="31" started-at="2018-11-30T16:29:19Z" finished-at="2018-11-30T16:29:20Z">
          <reporter-output>
          </reporter-output>
        </test-method> <!-- tasKill -->
        <test-method status="PASS" signature="openBrowser()[pri:0, instance:com.mendix.test.LoginScript@59e5ddf]" name="openBrowser" duration-ms="4220" started-at="2018-11-30T16:29:20Z" finished-at="2018-11-30T16:29:24Z">
          <reporter-output>
          </reporter-output>
        </test-method> <!-- openBrowser -->
        <test-method status="PASS" signature="loginAsLDR()[pri:0, instance:com.mendix.test.LoginScript@59e5ddf]" name="loginAsLDR" duration-ms="9217" started-at="2018-11-30T16:29:24Z" finished-at="2018-11-30T16:29:33Z">
          <reporter-output>
          </reporter-output>
        </test-method> <!-- loginAsLDR -->
      </class> <!-- com.mendix.test.LoginScript -->
    </test> <!-- HeiPort_Login_LDR -->
    <test name="Material_Create_Fill    in questionnaire" duration-ms="27454" started-at="2018-11-30T16:29:33Z" finished-at="2018-11-30T16:30:00Z">
      <class name="com.mendix.test.MaterialScript">
        <test-method status="PASS" signature="Material_Create_Fill_In_Questionnaire()[pri:0, instance:com.mendix.test.MaterialScript@7e2d773b]" name="Material_Create_Fill_In_Questionnaire" duration-ms="27451" started-at="2018-11-30T16:29:33Z" finished-at="2018-11-30T16:30:00Z">
          <reporter-output>
          </reporter-output>
        </test-method> <!-- Material_Create_Fill_In_Questionnaire -->
      </class> <!-- com.mendix.test.MaterialScript -->
    </test> <!-- Material_Create_Fill    in questionnaire -->
    <test name="Material_Create_Fill_In_Data" duration-ms="72905" started-at="2018-11-30T16:30:00Z" finished-at="2018-11-30T16:31:13Z">
      <class name="com.mendix.test.MaterialScript">
        <test-method status="PASS" signature="Material_Create_Fill_In_Data(java.util.Map)[pri:0, instance:com.mendix.test.MaterialScript@2353b3e6]" name="Material_Create_Fill_In_Data" duration-ms="72352" started-at="2018-11-30T16:30:01Z" data-provider="CreateMaterial_Fill_In" finished-at="2018-11-30T16:31:13Z">
          <params>
            <param index="0">
              <value>
                <![CDATA[{GLOBAL FIELDS=BE001OC, Execute=Y, Fields=EN, Material Description:=Lens Non Illuminated 82mm MAES 2018, Language=NL, Description=Lens Niet Verlicht 82mm MAES 2017, Goods and Services Typology=13, Material Group=CMG0472, General Item Cat Group=YW07, X-plant matl Status Valid From=24/03/2017, Gross Weight Base UoM=200.000, Unit of Weight=G, EAN/UPC=, Material Type=YUNB, X-plant matl Status=Z3, Base UoM=PC, Net Weight Base UoM=200.000, EAN Category=, =, Alternative UoMs: 1=, Denominator =,                                              Alt UoM=,                                             Numerator=,                  Lower Level Unit Of Measure=,                           Calculated Net Weight=,                                           Gross weight=,                                   Unit of Weight=,                                           EAN/UPC=,                                         EAN Category=,                     Determine EAN Check Digit=,                              Additional EANS exist=, Alternative UoMs: 2=, Alternative UoMs: 3=, Alternative UoMs: 4=, Alternative UoMs: 5=, Alternative UoMs: 6=, Alternative UoMs: 7=, Add EAN Units: 1=,                      Alternative unit of measure=,                                                Main EAN=,                                               EAN/UPC=,                                            EAN Category=,                      Determine EAN check digit=, Add EAN Units: 2=, Add EAN Units: 3=, Warehouseing, Purchasing and Sales:=, Storage Conditions=, Order Unit=, Purchasing Value Key=, Variable OUN=, Transportation Group=, JDE:=, Stocking Type Global=, Bulk/Packed Flag=, Sales Price Level=, Commitment Method=, UoM - Primary=, UoM - Secondary=, UoM - Pricing=, UoM - Production=, Round To Whole Number=, Line Type=, Inventory Cost Level=, Purchase Price Level=, Standard UoM=, UoM - Purchasing=, UoM - Shipping=, UoM - Component=, Navision:=, Type=, Inventory Value Zero=, Price Profit Calculation=, Product Group Code=, Attachment:=, Document Name=, Process Information:=, All Comments=}]]>
              </value>
            </param>
          </params>
          <reporter-output>
          </reporter-output>
        </test-method> <!-- Material_Create_Fill_In_Data -->
      </class> <!-- com.mendix.test.MaterialScript -->
    </test> <!-- Material_Create_Fill_In_Data -->
    <test name="Process_Information_Check" duration-ms="27431" started-at="2018-11-30T16:31:13Z" finished-at="2018-11-30T16:31:41Z">
      <class name="com.mendix.test.MaterialScript">
        <test-method status="FAIL" signature="Process_Information_Check(java.util.Map)[pri:0, instance:com.mendix.test.MaterialScript@fad74ee]" name="Process_Information_Check" duration-ms="27405" started-at="2018-11-30T16:31:13Z" data-provider="Process_Information_Check" finished-at="2018-11-30T16:31:41Z">
          <params>
            <param index="0">
              <value>
                <![CDATA[{Iteration=1, Execute=Y, TestCase=CreateMaterial, RequestId=1377647, GlobalId=400229, MaterialNumber_AH1=, MaterialNumber_PE2=, Status=}]]>
              </value>
            </param>
          </params>
          <exception class="org.openqa.selenium.NoSuchElementException">
            <message>
              <![CDATA[Unable to find element with xpath == .//*[text()='1377647']/../../td[9]/div
For documentation on this error, please visit: http://seleniumhq.org/exceptions/no_such_element.html
Build info: version: '3.14.0', revision: 'aacccce0', time: '2018-08-02T20:13:22.693Z'
System info: host: 'IBM286-PBD1Z5V', ip: '9.78.125.232', os.name: 'Windows 7', os.arch: 'amd64', os.version: '6.1', java.version: '1.8.0_191'
Driver info: org.openqa.selenium.ie.InternetExplorerDriver
Capabilities {acceptInsecureCerts: false, browserName: internet explorer, browserVersion: 11, javascriptEnabled: true, pageLoadStrategy: normal, platform: WINDOWS, platformName: WINDOWS, proxy: Proxy(), se:ieOptions: {browserAttachTimeout: 0, elementScrollBehavior: 0, enablePersistentHover: true, ie.browserCommandLineSwitches: , ie.ensureCleanSession: false, ie.fileUploadDialogTimeout: 3000, ie.forceCreateProcessApi: false, ignoreProtectedModeSettings: false, ignoreZoomSetting: false, initialBrowserUrl: http://localhost:39727/, nativeEvents: true, requireWindowFocus: false}, setWindowRect: true, timeouts: {implicit: 0, pageLoad: 300000, script: 30000}}
Session ID: 4ecc205c-db6d-44cf-8863-3d7339088d83
*** Element info: {Using=xpath, value=.//*[text()='1377647']/../../td[9]/div}]]>
            </message>
            <full-stacktrace>
              <![CDATA[org.openqa.selenium.NoSuchElementException: Unable to find element with xpath == .//*[text()='1377647']/../../td[9]/div
For documentation on this error, please visit: http://seleniumhq.org/exceptions/no_such_element.html
Build info: version: '3.14.0', revision: 'aacccce0', time: '2018-08-02T20:13:22.693Z'
System info: host: 'IBM286-PBD1Z5V', ip: '9.78.125.232', os.name: 'Windows 7', os.arch: 'amd64', os.version: '6.1', java.version: '1.8.0_191'
Driver info: org.openqa.selenium.ie.InternetExplorerDriver
Capabilities {acceptInsecureCerts: false, browserName: internet explorer, browserVersion: 11, javascriptEnabled: true, pageLoadStrategy: normal, platform: WINDOWS, platformName: WINDOWS, proxy: Proxy(), se:ieOptions: {browserAttachTimeout: 0, elementScrollBehavior: 0, enablePersistentHover: true, ie.browserCommandLineSwitches: , ie.ensureCleanSession: false, ie.fileUploadDialogTimeout: 3000, ie.forceCreateProcessApi: false, ignoreProtectedModeSettings: false, ignoreZoomSetting: false, initialBrowserUrl: http://localhost:39727/, nativeEvents: true, requireWindowFocus: false}, setWindowRect: true, timeouts: {implicit: 0, pageLoad: 300000, script: 30000}}
Session ID: 4ecc205c-db6d-44cf-8863-3d7339088d83
*** Element info: {Using=xpath, value=.//*[text()='1377647']/../../td[9]/div}
at sun.reflect.NativeConstructorAccessorImpl.newInstance0(Native Method)
at sun.reflect.NativeConstructorAccessorImpl.newInstance(Unknown Source)
at sun.reflect.DelegatingConstructorAccessorImpl.newInstance(Unknown Source)
at java.lang.reflect.Constructor.newInstance(Unknown Source)
at org.openqa.selenium.remote.http.W3CHttpResponseCodec.createException(W3CHttpResponseCodec.java:187)
at org.openqa.selenium.remote.http.W3CHttpResponseCodec.decode(W3CHttpResponseCodec.java:122)
at org.openqa.selenium.remote.http.W3CHttpResponseCodec.decode(W3CHttpResponseCodec.java:49)
at org.openqa.selenium.remote.HttpCommandExecutor.execute(HttpCommandExecutor.java:158)
at org.openqa.selenium.remote.service.DriverCommandExecutor.execute(DriverCommandExecutor.java:83)
at org.openqa.selenium.remote.RemoteWebDriver.execute(RemoteWebDriver.java:548)
at org.openqa.selenium.remote.RemoteWebDriver.findElement(RemoteWebDriver.java:322)
at org.openqa.selenium.remote.RemoteWebDriver.findElementByXPath(RemoteWebDriver.java:424)
at org.openqa.selenium.By$ByXPath.findElement(By.java:353)
at org.openqa.selenium.remote.RemoteWebDriver.findElement(RemoteWebDriver.java:314)
at com.mendix.page.ProceesInfoPage.getState(ProceesInfoPage.java:139)
at com.mendix.test.MaterialScript.Process_Information_Check(MaterialScript.java:60)
at sun.reflect.NativeMethodAccessorImpl.invoke0(Native Method)
at sun.reflect.NativeMethodAccessorImpl.invoke(Unknown Source)
at sun.reflect.DelegatingMethodAccessorImpl.invoke(Unknown Source)
at java.lang.reflect.Method.invoke(Unknown Source)
at org.testng.internal.MethodInvocationHelper.invokeMethod(MethodInvocationHelper.java:124)
at org.testng.internal.Invoker.invokeMethod(Invoker.java:580)
at org.testng.internal.Invoker.invokeTestMethod(Invoker.java:716)
at org.testng.internal.Invoker.invokeTestMethods(Invoker.java:988)
at org.testng.internal.TestMethodWorker.invokeTestMethods(TestMethodWorker.java:125)
at org.testng.internal.TestMethodWorker.run(TestMethodWorker.java:109)
at org.testng.TestRunner.privateRun(TestRunner.java:648)
at org.testng.TestRunner.run(TestRunner.java:505)
at org.testng.SuiteRunner.runTest(SuiteRunner.java:455)
at org.testng.SuiteRunner.runSequentially(SuiteRunner.java:450)
at org.testng.SuiteRunner.privateRun(SuiteRunner.java:415)
at org.testng.SuiteRunner.run(SuiteRunner.java:364)
at org.testng.SuiteRunnerWorker.runSuite(SuiteRunnerWorker.java:52)
at org.testng.SuiteRunnerWorker.run(SuiteRunnerWorker.java:84)
at org.testng.TestNG.runSuitesSequentially(TestNG.java:1208)
at org.testng.TestNG.runSuitesLocally(TestNG.java:1137)
at org.testng.TestNG.runSuites(TestNG.java:1049)
at org.testng.TestNG.run(TestNG.java:1017)
at org.testng.remote.AbstractRemoteTestNG.run(AbstractRemoteTestNG.java:114)
at org.testng.remote.RemoteTestNG.initAndRun(RemoteTestNG.java:251)
at org.testng.remote.RemoteTestNG.main(RemoteTestNG.java:77)
]]>
            </full-stacktrace>
          </exception> <!-- org.openqa.selenium.NoSuchElementException -->
          <reporter-output>
          </reporter-output>
        </test-method> <!-- Process_Information_Check -->
      </class> <!-- com.mendix.test.MaterialScript -->
    </test> <!-- Process_Information_Check -->
    <test name="HeiPort_Login_GDA" duration-ms="4625" started-at="2018-11-30T16:31:41Z" finished-at="2018-11-30T16:31:45Z">
      <class name="com.mendix.test.LoginScript">
        <test-method status="PASS" signature="openBrowser()[pri:0, instance:com.mendix.test.LoginScript@3e57cd70]" name="openBrowser" duration-ms="2724" started-at="2018-11-30T16:31:41Z" finished-at="2018-11-30T16:31:44Z">
          <reporter-output>
          </reporter-output>
        </test-method> <!-- openBrowser -->
        <test-method status="FAIL" signature="loginAsGDA()[pri:0, instance:com.mendix.test.LoginScript@3e57cd70]" name="loginAsGDA" duration-ms="1898" started-at="2018-11-30T16:31:44Z" finished-at="2018-11-30T16:31:45Z">
          <exception class="java.lang.AssertionError">
            <message>
              <![CDATA[expected [true] but found [false]]]>
            </message>
            <full-stacktrace>
              <![CDATA[java.lang.AssertionError: expected [true] but found [false]
at org.testng.Assert.fail(Assert.java:96)
at org.testng.Assert.failNotEquals(Assert.java:776)
at org.testng.Assert.assertTrue(Assert.java:44)
at org.testng.Assert.assertTrue(Assert.java:54)
at com.mendix.test.LoginScript.loginAsGDA(LoginScript.java:72)
at sun.reflect.NativeMethodAccessorImpl.invoke0(Native Method)
at sun.reflect.NativeMethodAccessorImpl.invoke(Unknown Source)
at sun.reflect.DelegatingMethodAccessorImpl.invoke(Unknown Source)
at java.lang.reflect.Method.invoke(Unknown Source)
at org.testng.internal.MethodInvocationHelper.invokeMethod(MethodInvocationHelper.java:124)
at org.testng.internal.Invoker.invokeMethod(Invoker.java:580)
at org.testng.internal.Invoker.invokeTestMethod(Invoker.java:716)
at org.testng.internal.Invoker.invokeTestMethods(Invoker.java:988)
at org.testng.internal.TestMethodWorker.invokeTestMethods(TestMethodWorker.java:125)
at org.testng.internal.TestMethodWorker.run(TestMethodWorker.java:109)
at org.testng.TestRunner.privateRun(TestRunner.java:648)
at org.testng.TestRunner.run(TestRunner.java:505)
at org.testng.SuiteRunner.runTest(SuiteRunner.java:455)
at org.testng.SuiteRunner.runSequentially(SuiteRunner.java:450)
at org.testng.SuiteRunner.privateRun(SuiteRunner.java:415)
at org.testng.SuiteRunner.run(SuiteRunner.java:364)
at org.testng.SuiteRunnerWorker.runSuite(SuiteRunnerWorker.java:52)
at org.testng.SuiteRunnerWorker.run(SuiteRunnerWorker.java:84)
at org.testng.TestNG.runSuitesSequentially(TestNG.java:1208)
at org.testng.TestNG.runSuitesLocally(TestNG.java:1137)
at org.testng.TestNG.runSuites(TestNG.java:1049)
at org.testng.TestNG.run(TestNG.java:1017)
at org.testng.remote.AbstractRemoteTestNG.run(AbstractRemoteTestNG.java:114)
at org.testng.remote.RemoteTestNG.initAndRun(RemoteTestNG.java:251)
at org.testng.remote.RemoteTestNG.main(RemoteTestNG.java:77)
]]>
            </full-stacktrace>
          </exception> <!-- java.lang.AssertionError -->
          <reporter-output>
          </reporter-output>
        </test-method> <!-- loginAsGDA -->
      </class> <!-- com.mendix.test.LoginScript -->
    </test> <!-- HeiPort_Login_GDA -->
    <test name="Material_Create_Review_Global_Data_Approve_GDA" duration-ms="10346" started-at="2018-11-30T16:31:45Z" finished-at="2018-11-30T16:31:56Z">
      <class name="com.mendix.test.MaterialScript">
        <test-method status="FAIL" signature="Material_Create_Review_Global_Data_Approve_GDA(java.util.Map)[pri:0, instance:com.mendix.test.MaterialScript@6b9651f3]" name="Material_Create_Review_Global_Data_Approve_GDA" duration-ms="10315" started-at="2018-11-30T16:31:45Z" data-provider="Process_Information_Check" finished-at="2018-11-30T16:31:56Z">
          <params>
            <param index="0">
              <value>
                <![CDATA[{Iteration=1, Execute=Y, TestCase=CreateMaterial, RequestId=1377647, GlobalId=400229, MaterialNumber_AH1=, MaterialNumber_PE2=, Status=}]]>
              </value>
            </param>
          </params>
          <exception class="java.lang.AssertionError">
            <message>
              <![CDATA[expected [true] but found [false]]]>
            </message>
            <full-stacktrace>
              <![CDATA[java.lang.AssertionError: expected [true] but found [false]
at org.testng.Assert.fail(Assert.java:96)
at org.testng.Assert.failNotEquals(Assert.java:776)
at org.testng.Assert.assertTrue(Assert.java:44)
at org.testng.Assert.assertTrue(Assert.java:54)
at com.mendix.test.MaterialScript.Material_Create_Review_Global_Data_Approve_GDA(MaterialScript.java:68)
at sun.reflect.NativeMethodAccessorImpl.invoke0(Native Method)
at sun.reflect.NativeMethodAccessorImpl.invoke(Unknown Source)
at sun.reflect.DelegatingMethodAccessorImpl.invoke(Unknown Source)
at java.lang.reflect.Method.invoke(Unknown Source)
at org.testng.internal.MethodInvocationHelper.invokeMethod(MethodInvocationHelper.java:124)
at org.testng.internal.Invoker.invokeMethod(Invoker.java:580)
at org.testng.internal.Invoker.invokeTestMethod(Invoker.java:716)
at org.testng.internal.Invoker.invokeTestMethods(Invoker.java:988)
at org.testng.internal.TestMethodWorker.invokeTestMethods(TestMethodWorker.java:125)
at org.testng.internal.TestMethodWorker.run(TestMethodWorker.java:109)
at org.testng.TestRunner.privateRun(TestRunner.java:648)
at org.testng.TestRunner.run(TestRunner.java:505)
at org.testng.SuiteRunner.runTest(SuiteRunner.java:455)
at org.testng.SuiteRunner.runSequentially(SuiteRunner.java:450)
at org.testng.SuiteRunner.privateRun(SuiteRunner.java:415)
at org.testng.SuiteRunner.run(SuiteRunner.java:364)
at org.testng.SuiteRunnerWorker.runSuite(SuiteRunnerWorker.java:52)
at org.testng.SuiteRunnerWorker.run(SuiteRunnerWorker.java:84)
at org.testng.TestNG.runSuitesSequentially(TestNG.java:1208)
at org.testng.TestNG.runSuitesLocally(TestNG.java:1137)
at org.testng.TestNG.runSuites(TestNG.java:1049)
at org.testng.TestNG.run(TestNG.java:1017)
at org.testng.remote.AbstractRemoteTestNG.run(AbstractRemoteTestNG.java:114)
at org.testng.remote.RemoteTestNG.initAndRun(RemoteTestNG.java:251)
at org.testng.remote.RemoteTestNG.main(RemoteTestNG.java:77)
]]>
            </full-stacktrace>
          </exception> <!-- java.lang.AssertionError -->
          <reporter-output>
          </reporter-output>
        </test-method> <!-- Material_Create_Review_Global_Data_Approve_GDA -->
      </class> <!-- com.mendix.test.MaterialScript -->
    </test> <!-- Material_Create_Review_Global_Data_Approve_GDA -->
    <test name="Process_Information_Check_Syndication" duration-ms="2624" started-at="2018-11-30T16:31:56Z" finished-at="2018-11-30T16:31:58Z">
      <class name="com.mendix.test.MaterialScript">
        <test-method status="FAIL" signature="Process_Information_Check(java.util.Map)[pri:0, instance:com.mendix.test.MaterialScript@7ce6a65d]" name="Process_Information_Check" duration-ms="2604" started-at="2018-11-30T16:31:56Z" data-provider="Process_Information_Check" finished-at="2018-11-30T16:31:58Z">
          <params>
            <param index="0">
              <value>
                <![CDATA[{Iteration=1, Execute=Y, TestCase=CreateMaterial, RequestId=1377647, GlobalId=400229, MaterialNumber_AH1=, MaterialNumber_PE2=, Status=}]]>
              </value>
            </param>
          </params>
          <exception class="org.openqa.selenium.NoSuchWindowException">
            <message>
              <![CDATA[Window is closed
Build info: version: '3.14.0', revision: 'aacccce0', time: '2018-08-02T20:13:22.693Z'
System info: host: 'IBM286-PBD1Z5V', ip: '9.78.125.232', os.name: 'Windows 7', os.arch: 'amd64', os.version: '6.1', java.version: '1.8.0_191'
Driver info: org.openqa.selenium.ie.InternetExplorerDriver
Capabilities {acceptInsecureCerts: false, browserName: internet explorer, browserVersion: 11, javascriptEnabled: true, pageLoadStrategy: normal, platform: WINDOWS, platformName: WINDOWS, proxy: Proxy(), se:ieOptions: {browserAttachTimeout: 0, elementScrollBehavior: 0, enablePersistentHover: true, ie.browserCommandLineSwitches: , ie.ensureCleanSession: false, ie.fileUploadDialogTimeout: 3000, ie.forceCreateProcessApi: false, ignoreProtectedModeSettings: false, ignoreZoomSetting: false, initialBrowserUrl: http://localhost:45868/, nativeEvents: true, requireWindowFocus: false}, setWindowRect: true, timeouts: {implicit: 0, pageLoad: 300000, script: 30000}}
Session ID: 9411e4ff-1bff-49ca-8373-d47d3cb1b6a3]]>
            </message>
            <full-stacktrace>
              <![CDATA[org.openqa.selenium.NoSuchWindowException: Window is closed
Build info: version: '3.14.0', revision: 'aacccce0', time: '2018-08-02T20:13:22.693Z'
System info: host: 'IBM286-PBD1Z5V', ip: '9.78.125.232', os.name: 'Windows 7', os.arch: 'amd64', os.version: '6.1', java.version: '1.8.0_191'
Driver info: org.openqa.selenium.ie.InternetExplorerDriver
Capabilities {acceptInsecureCerts: false, browserName: internet explorer, browserVersion: 11, javascriptEnabled: true, pageLoadStrategy: normal, platform: WINDOWS, platformName: WINDOWS, proxy: Proxy(), se:ieOptions: {browserAttachTimeout: 0, elementScrollBehavior: 0, enablePersistentHover: true, ie.browserCommandLineSwitches: , ie.ensureCleanSession: false, ie.fileUploadDialogTimeout: 3000, ie.forceCreateProcessApi: false, ignoreProtectedModeSettings: false, ignoreZoomSetting: false, initialBrowserUrl: http://localhost:45868/, nativeEvents: true, requireWindowFocus: false}, setWindowRect: true, timeouts: {implicit: 0, pageLoad: 300000, script: 30000}}
Session ID: 9411e4ff-1bff-49ca-8373-d47d3cb1b6a3
at sun.reflect.GeneratedConstructorAccessor32.newInstance(Unknown Source)
at sun.reflect.DelegatingConstructorAccessorImpl.newInstance(Unknown Source)
at java.lang.reflect.Constructor.newInstance(Unknown Source)
at org.openqa.selenium.remote.http.W3CHttpResponseCodec.createException(W3CHttpResponseCodec.java:187)
at org.openqa.selenium.remote.http.W3CHttpResponseCodec.decode(W3CHttpResponseCodec.java:122)
at org.openqa.selenium.remote.http.W3CHttpResponseCodec.decode(W3CHttpResponseCodec.java:49)
at org.openqa.selenium.remote.HttpCommandExecutor.execute(HttpCommandExecutor.java:158)
at org.openqa.selenium.remote.service.DriverCommandExecutor.execute(DriverCommandExecutor.java:83)
at org.openqa.selenium.remote.RemoteWebDriver.execute(RemoteWebDriver.java:548)
at org.openqa.selenium.remote.RemoteWebDriver.execute(RemoteWebDriver.java:605)
at org.openqa.selenium.remote.RemoteWebDriver.getWindowHandle(RemoteWebDriver.java:468)
at org.openqa.selenium.remote.RemoteWebDriver$RemoteTargetLocator.window(RemoteWebDriver.java:903)
at com.mendix.page.ProceesInfoPage.reqIdSearch(ProceesInfoPage.java:83)
at com.mendix.test.MaterialScript.Process_Information_Check(MaterialScript.java:59)
at sun.reflect.NativeMethodAccessorImpl.invoke0(Native Method)
at sun.reflect.NativeMethodAccessorImpl.invoke(Unknown Source)
at sun.reflect.DelegatingMethodAccessorImpl.invoke(Unknown Source)
at java.lang.reflect.Method.invoke(Unknown Source)
at org.testng.internal.MethodInvocationHelper.invokeMethod(MethodInvocationHelper.java:124)
at org.testng.internal.Invoker.invokeMethod(Invoker.java:580)
at org.testng.internal.Invoker.invokeTestMethod(Invoker.java:716)
at org.testng.internal.Invoker.invokeTestMethods(Invoker.java:988)
at org.testng.internal.TestMethodWorker.invokeTestMethods(TestMethodWorker.java:125)
at org.testng.internal.TestMethodWorker.run(TestMethodWorker.java:109)
at org.testng.TestRunner.privateRun(TestRunner.java:648)
at org.testng.TestRunner.run(TestRunner.java:505)
at org.testng.SuiteRunner.runTest(SuiteRunner.java:455)
at org.testng.SuiteRunner.runSequentially(SuiteRunner.java:450)
at org.testng.SuiteRunner.privateRun(SuiteRunner.java:415)
at org.testng.SuiteRunner.run(SuiteRunner.java:364)
at org.testng.SuiteRunnerWorker.runSuite(SuiteRunnerWorker.java:52)
at org.testng.SuiteRunnerWorker.run(SuiteRunnerWorker.java:84)
at org.testng.TestNG.runSuitesSequentially(TestNG.java:1208)
at org.testng.TestNG.runSuitesLocally(TestNG.java:1137)
at org.testng.TestNG.runSuites(TestNG.java:1049)
at org.testng.TestNG.run(TestNG.java:1017)
at org.testng.remote.AbstractRemoteTestNG.run(AbstractRemoteTestNG.java:114)
at org.testng.remote.RemoteTestNG.initAndRun(RemoteTestNG.java:251)
at org.testng.remote.RemoteTestNG.main(RemoteTestNG.java:77)
]]>
            </full-stacktrace>
          </exception> <!-- org.openqa.selenium.NoSuchWindowException -->
          <reporter-output>
          </reporter-output>
        </test-method> <!-- Process_Information_Check -->
      </class> <!-- com.mendix.test.MaterialScript -->
    </test> <!-- Process_Information_Check_Syndication -->
    <test name="HeiPort_Login_LDR_Syndication" duration-ms="12602" started-at="2018-11-30T16:31:58Z" finished-at="2018-11-30T16:32:11Z">
      <class name="com.mendix.test.LoginScript">
        <test-method status="PASS" signature="openBrowser()[pri:0, instance:com.mendix.test.LoginScript@42d8062c]" name="openBrowser" duration-ms="3483" started-at="2018-11-30T16:31:58Z" finished-at="2018-11-30T16:32:02Z">
          <reporter-output>
          </reporter-output>
        </test-method> <!-- openBrowser -->
        <test-method status="PASS" signature="loginAsLDR()[pri:0, instance:com.mendix.test.LoginScript@42d8062c]" name="loginAsLDR" duration-ms="9117" started-at="2018-11-30T16:32:02Z" finished-at="2018-11-30T16:32:11Z">
          <reporter-output>
          </reporter-output>
        </test-method> <!-- loginAsLDR -->
      </class> <!-- com.mendix.test.LoginScript -->
    </test> <!-- HeiPort_Login_LDR_Syndication -->
    <test name="Material_Create_Syndication_Check" duration-ms="43552" started-at="2018-11-30T16:32:11Z" finished-at="2018-11-30T16:32:55Z">
      <class name="com.mendix.test.LoginScript">
        <test-method status="PASS" signature="setup(org.testng.ITestContext)[pri:0, instance:com.mendix.test.LoginScript@42d8062c]" name="setup" is-config="true" duration-ms="83" started-at="2018-11-30T16:29:19Z" finished-at="2018-11-30T16:29:19Z">
          <params>
            <param index="0">
              <value>
                <![CDATA[org.testng.TestRunner@427ae189]]>
              </value>
            </param>
          </params>
          <reporter-output>
          </reporter-output>
        </test-method> <!-- setup -->
      </class> <!-- com.mendix.test.LoginScript -->
      <class name="com.mendix.test.MaterialScript">
        <test-method status="FAIL" signature="Material_Create_Syndication_Check(java.util.Map)[pri:0, instance:com.mendix.test.MaterialScript@5bcea91b]" name="Material_Create_Syndication_Check" duration-ms="43491" started-at="2018-11-30T16:32:11Z" data-provider="Process_Information_Check" finished-at="2018-11-30T16:32:55Z">
          <params>
            <param index="0">
              <value>
                <![CDATA[{Iteration=1, Execute=Y, TestCase=CreateMaterial, RequestId=1377647, GlobalId=400229, MaterialNumber_AH1=, MaterialNumber_PE2=, Status=}]]>
              </value>
            </param>
          </params>
          <exception class="org.openqa.selenium.NoSuchElementException">
            <message>
              <![CDATA[Unable to find element with xpath == //*[text()='Material number']/../../../../../../table[2]/tbody/tr[2]/td[1]/div
For documentation on this error, please visit: http://seleniumhq.org/exceptions/no_such_element.html
Build info: version: '3.14.0', revision: 'aacccce0', time: '2018-08-02T20:13:22.693Z'
System info: host: 'IBM286-PBD1Z5V', ip: '9.78.125.232', os.name: 'Windows 7', os.arch: 'amd64', os.version: '6.1', java.version: '1.8.0_191'
Driver info: org.openqa.selenium.ie.InternetExplorerDriver
Capabilities {acceptInsecureCerts: false, browserName: internet explorer, browserVersion: 11, javascriptEnabled: true, pageLoadStrategy: normal, platform: WINDOWS, platformName: WINDOWS, proxy: Proxy(), se:ieOptions: {browserAttachTimeout: 0, elementScrollBehavior: 0, enablePersistentHover: true, ie.browserCommandLineSwitches: , ie.ensureCleanSession: false, ie.fileUploadDialogTimeout: 3000, ie.forceCreateProcessApi: false, ignoreProtectedModeSettings: false, ignoreZoomSetting: false, initialBrowserUrl: http://localhost:24569/, nativeEvents: true, requireWindowFocus: false}, setWindowRect: true, timeouts: {implicit: 0, pageLoad: 300000, script: 30000}}
Session ID: c47b9c4f-8af0-4512-a0b5-777c839c90c3
*** Element info: {Using=xpath, value=//*[text()='Material number']/../../../../../../table[2]/tbody/tr[2]/td[1]/div}]]>
            </message>
            <full-stacktrace>
              <![CDATA[org.openqa.selenium.NoSuchElementException: Unable to find element with xpath == //*[text()='Material number']/../../../../../../table[2]/tbody/tr[2]/td[1]/div
For documentation on this error, please visit: http://seleniumhq.org/exceptions/no_such_element.html
Build info: version: '3.14.0', revision: 'aacccce0', time: '2018-08-02T20:13:22.693Z'
System info: host: 'IBM286-PBD1Z5V', ip: '9.78.125.232', os.name: 'Windows 7', os.arch: 'amd64', os.version: '6.1', java.version: '1.8.0_191'
Driver info: org.openqa.selenium.ie.InternetExplorerDriver
Capabilities {acceptInsecureCerts: false, browserName: internet explorer, browserVersion: 11, javascriptEnabled: true, pageLoadStrategy: normal, platform: WINDOWS, platformName: WINDOWS, proxy: Proxy(), se:ieOptions: {browserAttachTimeout: 0, elementScrollBehavior: 0, enablePersistentHover: true, ie.browserCommandLineSwitches: , ie.ensureCleanSession: false, ie.fileUploadDialogTimeout: 3000, ie.forceCreateProcessApi: false, ignoreProtectedModeSettings: false, ignoreZoomSetting: false, initialBrowserUrl: http://localhost:24569/, nativeEvents: true, requireWindowFocus: false}, setWindowRect: true, timeouts: {implicit: 0, pageLoad: 300000, script: 30000}}
Session ID: c47b9c4f-8af0-4512-a0b5-777c839c90c3
*** Element info: {Using=xpath, value=//*[text()='Material number']/../../../../../../table[2]/tbody/tr[2]/td[1]/div}
at sun.reflect.GeneratedConstructorAccessor35.newInstance(Unknown Source)
at sun.reflect.DelegatingConstructorAccessorImpl.newInstance(Unknown Source)
at java.lang.reflect.Constructor.newInstance(Unknown Source)
at org.openqa.selenium.remote.http.W3CHttpResponseCodec.createException(W3CHttpResponseCodec.java:187)
at org.openqa.selenium.remote.http.W3CHttpResponseCodec.decode(W3CHttpResponseCodec.java:122)
at org.openqa.selenium.remote.http.W3CHttpResponseCodec.decode(W3CHttpResponseCodec.java:49)
at org.openqa.selenium.remote.HttpCommandExecutor.execute(HttpCommandExecutor.java:158)
at org.openqa.selenium.remote.service.DriverCommandExecutor.execute(DriverCommandExecutor.java:83)
at org.openqa.selenium.remote.RemoteWebDriver.execute(RemoteWebDriver.java:548)
at org.openqa.selenium.remote.RemoteWebDriver.findElement(RemoteWebDriver.java:322)
at org.openqa.selenium.remote.RemoteWebDriver.findElementByXPath(RemoteWebDriver.java:424)
at org.openqa.selenium.By$ByXPath.findElement(By.java:353)
at org.openqa.selenium.remote.RemoteWebDriver.findElement(RemoteWebDriver.java:314)
at com.mendix.page.MaterialPage.getMaterial_Number(MaterialPage.java:484)
at com.mendix.test.MaterialScript.Material_Create_Syndication_Check(MaterialScript.java:131)
at sun.reflect.NativeMethodAccessorImpl.invoke0(Native Method)
at sun.reflect.NativeMethodAccessorImpl.invoke(Unknown Source)
at sun.reflect.DelegatingMethodAccessorImpl.invoke(Unknown Source)
at java.lang.reflect.Method.invoke(Unknown Source)
at org.testng.internal.MethodInvocationHelper.invokeMethod(MethodInvocationHelper.java:124)
at org.testng.internal.Invoker.invokeMethod(Invoker.java:580)
at org.testng.internal.Invoker.invokeTestMethod(Invoker.java:716)
at org.testng.internal.Invoker.invokeTestMethods(Invoker.java:988)
at org.testng.internal.TestMethodWorker.invokeTestMethods(TestMethodWorker.java:125)
at org.testng.internal.TestMethodWorker.run(TestMethodWorker.java:109)
at org.testng.TestRunner.privateRun(TestRunner.java:648)
at org.testng.TestRunner.run(TestRunner.java:505)
at org.testng.SuiteRunner.runTest(SuiteRunner.java:455)
at org.testng.SuiteRunner.runSequentially(SuiteRunner.java:450)
at org.testng.SuiteRunner.privateRun(SuiteRunner.java:415)
at org.testng.SuiteRunner.run(SuiteRunner.java:364)
at org.testng.SuiteRunnerWorker.runSuite(SuiteRunnerWorker.java:52)
at org.testng.SuiteRunnerWorker.run(SuiteRunnerWorker.java:84)
at org.testng.TestNG.runSuitesSequentially(TestNG.java:1208)
at org.testng.TestNG.runSuitesLocally(TestNG.java:1137)
at org.testng.TestNG.runSuites(TestNG.java:1049)
at org.testng.TestNG.run(TestNG.java:1017)
at org.testng.remote.AbstractRemoteTestNG.run(AbstractRemoteTestNG.java:114)
at org.testng.remote.RemoteTestNG.initAndRun(RemoteTestNG.java:251)
at org.testng.remote.RemoteTestNG.main(RemoteTestNG.java:77)
]]>
            </full-stacktrace>
          </exception> <!-- org.openqa.selenium.NoSuchElementException -->
          <reporter-output>
          </reporter-output>
        </test-method> <!-- Material_Create_Syndication_Check -->
      </class> <!-- com.mendix.test.MaterialScript -->
    </test> <!-- Material_Create_Syndication_Check -->
  </suite> <!-- Create Material -->
</testng-results>
