<?xml version="1.0" encoding="UTF-8"?>
<!-- Generated by org.testng.reporters.JUnitXMLReporter -->
<testsuite hostname="IBM286-PBD1Z5V" ignored="2" name="HeiPort_Login_GDA" tests="3" failures="1" timestamp="28 Nov 2018 00:29:44 GMT" time="20.116" errors="0">
  <testcase name="tasKill" time="0.031" classname="com.mendix.test.LoginScript"/>
  <testcase name="openBrowser" time="20.046" classname="com.mendix.test.LoginScript"/>
  <testcase name="loginAsGDA" time="0.033" classname="com.mendix.test.LoginScript">
    <failure type="java.lang.StringIndexOutOfBoundsException" message="String index out of range: 100">
      <![CDATA[java.lang.StringIndexOutOfBoundsException: String index out of range: 100
at java.lang.String.substring(Unknown Source)
at com.mendix.util.ResultUtil.report(ResultUtil.java:49)
at com.mendix.tool.Textbox.click(Textbox.java:56)
at com.mendix.page.LoginPage.login(LoginPage.java:48)
at com.mendix.test.LoginScript.loginAsGDA(LoginScript.java:72)
... Removed 25 stack frames]]>
    </failure>
  </testcase> <!-- loginAsGDA -->
  <testcase name="loginAsLDR" time="0.0" classname="com.mendix.test.LoginScript">
    <ignored/>
  </testcase> <!-- loginAsLDR -->
  <testcase name="loginAsGBDA" time="0.0" classname="com.mendix.test.LoginScript">
    <ignored/>
  </testcase> <!-- loginAsGBDA -->
</testsuite> <!-- HeiPort_Login_GDA -->
