<?xml version="1.0" encoding="UTF-8"?>
<!-- Generated by org.testng.reporters.JUnitXMLReporter -->
<testsuite hostname="IBM286-PBD1Z5V" ignored="2" name="HeiPort_Login_LDR" tests="3" failures="0" timestamp="01 Dec 2018 00:14:24 GMT" time="6.466" errors="0">
  <testcase name="tasKill" time="0.032" classname="com.mendix.test.LoginScript"/>
  <testcase name="openBrowser" time="4.957" classname="com.mendix.test.LoginScript"/>
  <testcase name="loginAsLDR" time="1.461" classname="com.mendix.test.LoginScript"/>
  <testcase name="loginAsGDA" time="0.0" classname="com.mendix.test.LoginScript">
    <ignored/>
  </testcase> <!-- loginAsGDA -->
  <testcase name="loginAsGBDA" time="0.0" classname="com.mendix.test.LoginScript">
    <ignored/>
  </testcase> <!-- loginAsGBDA -->
</testsuite> <!-- HeiPort_Login_LDR -->
