<?xml version="1.0" encoding="UTF-8"?>
<!-- Generated by org.testng.reporters.JUnitXMLReporter -->
<testsuite hostname="IBM286-PBD1Z5V" ignored="3" name="HeiPort_Login_LDR_submit" tests="2" failures="0" timestamp="30 Nov 2018 15:55:52 GMT" time="8.819" errors="0">
  <testcase name="openBrowser" time="3.363" classname="com.mendix.test.LoginScript"/>
  <testcase name="loginAsLDR" time="5.454" classname="com.mendix.test.LoginScript"/>
  <testcase name="tasKill" time="0.0" classname="com.mendix.test.LoginScript">
    <ignored/>
  </testcase> <!-- tasKill -->
  <testcase name="loginAsGDA" time="0.0" classname="com.mendix.test.LoginScript">
    <ignored/>
  </testcase> <!-- loginAsGDA -->
  <testcase name="loginAsGBDA" time="0.0" classname="com.mendix.test.LoginScript">
    <ignored/>
  </testcase> <!-- loginAsGBDA -->
</testsuite> <!-- HeiPort_Login_LDR_submit -->
