<?xml version="1.0" encoding="UTF-8"?>
<!-- Generated by org.testng.reporters.JUnitXMLReporter -->
<testsuite hostname="IBM286-PBD1Z5V" ignored="7" name="Material_Create_Fill in questionnaire" tests="1" failures="1" timestamp="05 Dec 2018 19:52:45 GMT" time="40.926" errors="0">
  <testcase name="Material_Create_Fill_In_Questionnaire" time="40.922" classname="com.mendix.test.MaterialScript">
    <failure type="java.lang.StringIndexOutOfBoundsException" message="String index out of range: 100">
      <![CDATA[java.lang.StringIndexOutOfBoundsException: String index out of range: 100
at java.lang.String.substring(Unknown Source)
at com.mendix.util.ResultUtil.report(ResultUtil.java:49)
at com.mendix.tool.Button.click(Button.java:41)
at com.mendix.page.MaterialPage.clickMaterial(MaterialPage.java:218)
at com.mendix.test.MaterialScript.Material_Create_Fill_In_Questionnaire(MaterialScript.java:31)
... Removed 25 stack frames]]>
    </failure>
  </testcase> <!-- Material_Create_Fill_In_Questionnaire -->
  <testcase name="Process_Information_Check" time="0.0" classname="com.mendix.test.MaterialScript">
    <ignored/>
  </testcase> <!-- Process_Information_Check -->
  <testcase name="Material_Create_Review_Global_Data_Approve_GBDA" time="0.0" classname="com.mendix.test.MaterialScript">
    <ignored/>
  </testcase> <!-- Material_Create_Review_Global_Data_Approve_GBDA -->
  <testcase name="Material_Create_Fill_In_Data_Save_as_draft" time="0.0" classname="com.mendix.test.MaterialScript">
    <ignored/>
  </testcase> <!-- Material_Create_Fill_In_Data_Save_as_draft -->
  <testcase name="Material_Create_Syndication_Check" time="0.0" classname="com.mendix.test.MaterialScript">
    <ignored/>
  </testcase> <!-- Material_Create_Syndication_Check -->
  <testcase name="Material_Create_Fill_In_Data" time="0.0" classname="com.mendix.test.MaterialScript">
    <ignored/>
  </testcase> <!-- Material_Create_Fill_In_Data -->
  <testcase name="Material_Create_Fill_in_Data_Save_as_Draft_Submit" time="0.0" classname="com.mendix.test.MaterialScript">
    <ignored/>
  </testcase> <!-- Material_Create_Fill_in_Data_Save_as_Draft_Submit -->
  <testcase name="Material_Create_Review_Global_Data_Approve_GDA" time="0.0" classname="com.mendix.test.MaterialScript">
    <ignored/>
  </testcase> <!-- Material_Create_Review_Global_Data_Approve_GDA -->
</testsuite> <!-- Material_Create_Fill in questionnaire -->
