<?xml version="1.0" encoding="UTF-8"?>
<!-- Generated by org.testng.reporters.JUnitXMLReporter -->
<testsuite hostname="IBM286-PBD1Z5V" ignored="6" name="Material_Create_Review_Global_Data_Approve_GDA" tests="2" failures="2" timestamp="28 Nov 2018 00:29:44 GMT" time="0.046" errors="0">
  <testcase name="Material_Create_Review_Global_Data_Approve_GDA" time="0.015" classname="com.mendix.test.MaterialScript">
    <failure type="java.lang.StringIndexOutOfBoundsException" message="String index out of range: 100">
      <![CDATA[java.lang.StringIndexOutOfBoundsException: String index out of range: 100
at java.lang.String.substring(Unknown Source)
at com.mendix.util.ResultUtil.report(ResultUtil.java:49)
at com.mendix.tool.Button.click(Button.java:41)
at com.mendix.page.HomePage.navigateToWorkflow(HomePage.java:45)
at com.mendix.test.MaterialScript.Material_Create_Review_Global_Data_Approve_GDA(MaterialScript.java:67)
... Removed 25 stack frames]]>
    </failure>
  </testcase> <!-- Material_Create_Review_Global_Data_Approve_GDA -->
  <testcase name="Material_Create_Review_Global_Data_Approve_GDA" time="0.005" classname="com.mendix.test.MaterialScript">
    <failure type="java.lang.StringIndexOutOfBoundsException" message="String index out of range: 100">
      <![CDATA[java.lang.StringIndexOutOfBoundsException: String index out of range: 100
at java.lang.String.substring(Unknown Source)
at com.mendix.util.ResultUtil.report(ResultUtil.java:49)
at com.mendix.tool.Button.click(Button.java:41)
at com.mendix.page.HomePage.navigateToWorkflow(HomePage.java:45)
at com.mendix.test.MaterialScript.Material_Create_Review_Global_Data_Approve_GDA(MaterialScript.java:67)
... Removed 25 stack frames]]>
    </failure>
  </testcase> <!-- Material_Create_Review_Global_Data_Approve_GDA -->
  <testcase name="Process_Information_Check" time="0.0" classname="com.mendix.test.MaterialScript">
    <ignored/>
  </testcase> <!-- Process_Information_Check -->
  <testcase name="Material_Create_Review_Global_Data_Approve_GBDA" time="0.0" classname="com.mendix.test.MaterialScript">
    <ignored/>
  </testcase> <!-- Material_Create_Review_Global_Data_Approve_GBDA -->
  <testcase name="Material_Create_Fill_In_Data_Save_as_draft" time="0.0" classname="com.mendix.test.MaterialScript">
    <ignored/>
  </testcase> <!-- Material_Create_Fill_In_Data_Save_as_draft -->
  <testcase name="Material_Create_Fill_In_Data" time="0.0" classname="com.mendix.test.MaterialScript">
    <ignored/>
  </testcase> <!-- Material_Create_Fill_In_Data -->
  <testcase name="Material_Create_Fill_In_Questionnaire" time="0.0" classname="com.mendix.test.MaterialScript">
    <ignored/>
  </testcase> <!-- Material_Create_Fill_In_Questionnaire -->
  <testcase name="Material_Create_Fill_in_Data_Save_as_Draft_Submit" time="0.0" classname="com.mendix.test.MaterialScript">
    <ignored/>
  </testcase> <!-- Material_Create_Fill_in_Data_Save_as_Draft_Submit -->
</testsuite> <!-- Material_Create_Review_Global_Data_Approve_GDA -->
